<?xml version="1.0" encoding="UTF-8"?>
<!-- Generated by org.testng.reporters.JUnitXMLReporter -->
<testsuite ignored="0" hostname="DharaneshNatarajan" failures="0" tests="8" name="Default test" time="64.427" errors="0" timestamp="2026-06-12T10:25:22 IST">
  <testcase classname="com.dotlab.tests.CourseTestingSuite" name="verifySecureLoginHandshake" time="3.424"/>
  <testcase classname="com.dotlab.tests.CourseTestingSuite" name="verifyNavigationToCourseBoard" time="0.542"/>
  <testcase classname="com.dotlab.tests.CourseTestingSuite" name="verifyCourseCatalogFiltering" time="1.002"/>
  <testcase classname="com.dotlab.tests.CourseTestingSuite" name="verifyOpenTargetActiveCourseWorkspace" time="0.284"/>
  <testcase classname="com.dotlab.tests.CourseTestingSuite" name="verifyTopicAccordionExpansion" time="4.485"/>
  <testcase classname="com.dotlab.tests.CourseTestingSuite" name="verifySpecificSubTopicLessonSelection" time="0.796"/>
  <testcase classname="com.dotlab.tests.CourseTestingSuite" name="verifyCourseWorkspaceSubTabsLayout" time="30.193"/>
  <testcase classname="com.dotlab.tests.CourseTestingSuite" name="verifySecureSessionTermination" time="20.591"/>
</testsuite> <!-- Default test -->
