<?xml version="1.0" encoding="UTF-8"?>
<!-- Generated by org.testng.reporters.JUnitXMLReporter -->
<testsuite ignored="0" hostname="DharaneshNatarajan" failures="0" tests="8" name="Default test" time="69.926" errors="0" timestamp="2026-06-12T10:43:39 IST">
  <testcase classname="com.dotlab.tests.CourseTestingSuite" name="verifySecureLoginHandshake" time="3.941"/>
  <testcase classname="com.dotlab.tests.CourseTestingSuite" name="verifyNavigationToCourseBoard" time="0.697"/>
  <testcase classname="com.dotlab.tests.CourseTestingSuite" name="verifyCourseCatalogFiltering" time="1.145"/>
  <testcase classname="com.dotlab.tests.CourseTestingSuite" name="verifyOpenTargetActiveCourseWorkspace" time="0.48"/>
  <testcase classname="com.dotlab.tests.CourseTestingSuite" name="verifyTopicAccordionExpansion" time="3.654"/>
  <testcase classname="com.dotlab.tests.CourseTestingSuite" name="verifySpecificSubTopicLessonSelection" time="0.959"/>
  <testcase classname="com.dotlab.tests.CourseTestingSuite" name="verifyCourseWorkspaceSubTabsLayout" time="34.17"/>
  <testcase classname="com.dotlab.tests.CourseTestingSuite" name="verifySecureSessionTermination" time="20.497"/>
</testsuite> <!-- Default test -->
