<?xml version="1.0" encoding="UTF-8"?>
<testng-results ignored="0" total="8" passed="8" failed="0" skipped="0">
  <reporter-output>
  </reporter-output>
  <suite started-at="2026-06-12T10:42:30 IST" name="Default suite" finished-at="2026-06-12T10:43:39 IST" duration-ms="69926">
    <groups>
    </groups>
    <test started-at="2026-06-12T10:42:30 IST" name="Default test" finished-at="2026-06-12T10:43:39 IST" duration-ms="69926">
      <class name="com.dotlab.tests.CourseTestingSuite">
        <test-method is-config="true" signature="setupSuiteEnvironment()[pri:0, instance:com.dotlab.tests.CourseTestingSuite@51399530]" started-at="2026-06-12T10:42:30 IST" name="setupSuiteEnvironment" finished-at="2026-06-12T10:42:33 IST" duration-ms="3737" status="PASS">
          <reporter-output>
          </reporter-output>
        </test-method> <!-- setupSuiteEnvironment -->
        <test-method signature="verifySecureLoginHandshake()[pri:1, instance:com.dotlab.tests.CourseTestingSuite@51399530]" started-at="2026-06-12T10:42:33 IST" name="verifySecureLoginHandshake" description="Authenticates user credentials against the secure login endpoint." finished-at="2026-06-12T10:42:37 IST" duration-ms="3941" status="PASS">
          <reporter-output>
          </reporter-output>
        </test-method> <!-- verifySecureLoginHandshake -->
        <test-method signature="verifyNavigationToCourseBoard()[pri:2, instance:com.dotlab.tests.CourseTestingSuite@51399530]" started-at="2026-06-12T10:42:37 IST" name="verifyNavigationToCourseBoard" description="Validates routing mechanics to the primary catalog layout screen." finished-at="2026-06-12T10:42:38 IST" depends-on-methods="com.dotlab.tests.CourseTestingSuite.verifySecureLoginHandshake" duration-ms="697" status="PASS">
          <reporter-output>
          </reporter-output>
        </test-method> <!-- verifyNavigationToCourseBoard -->
        <test-method signature="verifyCourseCatalogFiltering()[pri:3, instance:com.dotlab.tests.CourseTestingSuite@51399530]" started-at="2026-06-12T10:42:38 IST" name="verifyCourseCatalogFiltering" description="Verifies input parsing matches and filters card assets properly." finished-at="2026-06-12T10:42:39 IST" depends-on-methods="com.dotlab.tests.CourseTestingSuite.verifyNavigationToCourseBoard" duration-ms="1145" status="PASS">
          <reporter-output>
          </reporter-output>
        </test-method> <!-- verifyCourseCatalogFiltering -->
        <test-method signature="verifyOpenTargetActiveCourseWorkspace()[pri:4, instance:com.dotlab.tests.CourseTestingSuite@51399530]" started-at="2026-06-12T10:42:39 IST" name="verifyOpenTargetActiveCourseWorkspace" description="Launches target active workspace view panels." finished-at="2026-06-12T10:42:40 IST" depends-on-methods="com.dotlab.tests.CourseTestingSuite.verifyCourseCatalogFiltering" duration-ms="480" status="PASS">
          <reporter-output>
          </reporter-output>
        </test-method> <!-- verifyOpenTargetActiveCourseWorkspace -->
        <test-method signature="verifyTopicAccordionExpansion()[pri:5, instance:com.dotlab.tests.CourseTestingSuite@51399530]" started-at="2026-06-12T10:42:40 IST" name="verifyTopicAccordionExpansion" description="Expands parent topic accordion wrappers to reveal nested child assignments." finished-at="2026-06-12T10:42:43 IST" depends-on-methods="com.dotlab.tests.CourseTestingSuite.verifyOpenTargetActiveCourseWorkspace" duration-ms="3654" status="PASS">
          <reporter-output>
          </reporter-output>
        </test-method> <!-- verifyTopicAccordionExpansion -->
        <test-method signature="verifySpecificSubTopicLessonSelection()[pri:6, instance:com.dotlab.tests.CourseTestingSuite@51399530]" started-at="2026-06-12T10:42:43 IST" name="verifySpecificSubTopicLessonSelection" description="Selects specialized nested sub-topics to render live sandbox compiler modules and active sub-tabs." finished-at="2026-06-12T10:42:44 IST" depends-on-methods="com.dotlab.tests.CourseTestingSuite.verifyTopicAccordionExpansion" duration-ms="959" status="PASS">
          <reporter-output>
          </reporter-output>
        </test-method> <!-- verifySpecificSubTopicLessonSelection -->
        <test-method signature="verifyCourseWorkspaceSubTabsLayout()[pri:7, instance:com.dotlab.tests.CourseTestingSuite@51399530]" started-at="2026-06-12T10:42:44 IST" name="verifyCourseWorkspaceSubTabsLayout" description="Traverses sequentially through isolated structural sub-tabs." finished-at="2026-06-12T10:43:18 IST" depends-on-methods="com.dotlab.tests.CourseTestingSuite.verifySpecificSubTopicLessonSelection" duration-ms="34170" status="PASS">
          <reporter-output>
          </reporter-output>
        </test-method> <!-- verifyCourseWorkspaceSubTabsLayout -->
        <test-method signature="verifySecureSessionTermination()[pri:8, instance:com.dotlab.tests.CourseTestingSuite@51399530]" started-at="2026-06-12T10:43:18 IST" name="verifySecureSessionTermination" description="Interacts with sidebar footer configuration slots to execute safe logout logs." finished-at="2026-06-12T10:43:39 IST" depends-on-methods="com.dotlab.tests.CourseTestingSuite.verifyCourseWorkspaceSubTabsLayout" duration-ms="20497" status="PASS">
          <reporter-output>
          </reporter-output>
        </test-method> <!-- verifySecureSessionTermination -->
        <test-method is-config="true" signature="tearDownSuiteContext()[pri:0, instance:com.dotlab.tests.CourseTestingSuite@51399530]" started-at="2026-06-12T10:43:39 IST" name="tearDownSuiteContext" finished-at="2026-06-12T10:43:39 IST" duration-ms="455" status="PASS">
          <reporter-output>
          </reporter-output>
        </test-method> <!-- tearDownSuiteContext -->
      </class> <!-- com.dotlab.tests.CourseTestingSuite -->
    </test> <!-- Default test -->
  </suite> <!-- Default suite -->
</testng-results>
