<?xml version="1.0" encoding="UTF-8"?>
<testng-results ignored="0" total="8" passed="8" failed="0" skipped="0">
  <reporter-output>
  </reporter-output>
  <suite started-at="2026-06-11T15:17:38 IST" name="Default suite" finished-at="2026-06-11T15:19:02 IST" duration-ms="83294">
    <groups>
    </groups>
    <test started-at="2026-06-11T15:17:38 IST" name="Default test" finished-at="2026-06-11T15:19:02 IST" duration-ms="83294">
      <class name="com.dotlab.tests.CourseTestingSuite">
        <test-method is-config="true" signature="setupSuiteEnvironment()[pri:0, instance:com.dotlab.tests.CourseTestingSuite@51399530]" started-at="2026-06-11T15:17:39 IST" name="setupSuiteEnvironment" finished-at="2026-06-11T15:17:41 IST" duration-ms="2528" status="PASS">
          <reporter-output>
          </reporter-output>
        </test-method> <!-- setupSuiteEnvironment -->
        <test-method signature="verifySecureLoginHandshake()[pri:1, instance:com.dotlab.tests.CourseTestingSuite@51399530]" started-at="2026-06-11T15:17:41 IST" name="verifySecureLoginHandshake" description="Authenticates user credentials against the secure login endpoint." finished-at="2026-06-11T15:17:44 IST" duration-ms="2839" status="PASS">
          <reporter-output>
          </reporter-output>
        </test-method> <!-- verifySecureLoginHandshake -->
        <test-method signature="verifyNavigationToCourseBoard()[pri:2, instance:com.dotlab.tests.CourseTestingSuite@51399530]" started-at="2026-06-11T15:17:44 IST" name="verifyNavigationToCourseBoard" description="Validates routing mechanics to the primary catalog layout screen." finished-at="2026-06-11T15:17:44 IST" depends-on-methods="com.dotlab.tests.CourseTestingSuite.verifySecureLoginHandshake" duration-ms="327" status="PASS">
          <reporter-output>
          </reporter-output>
        </test-method> <!-- verifyNavigationToCourseBoard -->
        <test-method signature="verifyCourseCatalogFiltering()[pri:3, instance:com.dotlab.tests.CourseTestingSuite@51399530]" started-at="2026-06-11T15:17:44 IST" name="verifyCourseCatalogFiltering" description="Verifies input parsing matches and filters card assets properly." finished-at="2026-06-11T15:17:48 IST" depends-on-methods="com.dotlab.tests.CourseTestingSuite.verifyNavigationToCourseBoard" duration-ms="3586" status="PASS">
          <reporter-output>
          </reporter-output>
        </test-method> <!-- verifyCourseCatalogFiltering -->
        <test-method signature="verifyOpenTargetActiveCourseWorkspace()[pri:4, instance:com.dotlab.tests.CourseTestingSuite@51399530]" started-at="2026-06-11T15:17:48 IST" name="verifyOpenTargetActiveCourseWorkspace" description="Launches target active workspace view panels." finished-at="2026-06-11T15:17:48 IST" depends-on-methods="com.dotlab.tests.CourseTestingSuite.verifyCourseCatalogFiltering" duration-ms="204" status="PASS">
          <reporter-output>
          </reporter-output>
        </test-method> <!-- verifyOpenTargetActiveCourseWorkspace -->
        <test-method signature="verifyTopicAccordionExpansion()[pri:5, instance:com.dotlab.tests.CourseTestingSuite@51399530]" started-at="2026-06-11T15:17:48 IST" name="verifyTopicAccordionExpansion" description="Expands parent topic accordion wrappers to reveal nested child assignments." finished-at="2026-06-11T15:17:54 IST" depends-on-methods="com.dotlab.tests.CourseTestingSuite.verifyOpenTargetActiveCourseWorkspace" duration-ms="6220" status="PASS">
          <reporter-output>
          </reporter-output>
        </test-method> <!-- verifyTopicAccordionExpansion -->
        <test-method signature="verifySpecificSubTopicLessonSelection()[pri:6, instance:com.dotlab.tests.CourseTestingSuite@51399530]" started-at="2026-06-11T15:17:54 IST" name="verifySpecificSubTopicLessonSelection" description="Selects specialized nested sub-topics to render live sandbox compiler modules and active sub-tabs." finished-at="2026-06-11T15:18:00 IST" depends-on-methods="com.dotlab.tests.CourseTestingSuite.verifyTopicAccordionExpansion" duration-ms="5397" status="PASS">
          <reporter-output>
          </reporter-output>
        </test-method> <!-- verifySpecificSubTopicLessonSelection -->
        <test-method signature="verifyCourseWorkspaceSubTabsLayout()[pri:7, instance:com.dotlab.tests.CourseTestingSuite@51399530]" started-at="2026-06-11T15:18:00 IST" name="verifyCourseWorkspaceSubTabsLayout" description="Traverses sequentially through isolated structural sub-tabs." finished-at="2026-06-11T15:18:39 IST" depends-on-methods="com.dotlab.tests.CourseTestingSuite.verifySpecificSubTopicLessonSelection" duration-ms="39665" status="PASS">
          <reporter-output>
          </reporter-output>
        </test-method> <!-- verifyCourseWorkspaceSubTabsLayout -->
        <test-method signature="verifySecureSessionTermination()[pri:8, instance:com.dotlab.tests.CourseTestingSuite@51399530]" started-at="2026-06-11T15:18:39 IST" name="verifySecureSessionTermination" description="Interacts with sidebar footer configuration slots to execute safe logout logs." finished-at="2026-06-11T15:19:01 IST" depends-on-methods="com.dotlab.tests.CourseTestingSuite.verifyCourseWorkspaceSubTabsLayout" duration-ms="22105" status="PASS">
          <reporter-output>
          </reporter-output>
        </test-method> <!-- verifySecureSessionTermination -->
        <test-method is-config="true" signature="tearDownSuiteContext()[pri:0, instance:com.dotlab.tests.CourseTestingSuite@51399530]" started-at="2026-06-11T15:19:01 IST" name="tearDownSuiteContext" finished-at="2026-06-11T15:19:02 IST" duration-ms="327" status="PASS">
          <reporter-output>
          </reporter-output>
        </test-method> <!-- tearDownSuiteContext -->
      </class> <!-- com.dotlab.tests.CourseTestingSuite -->
    </test> <!-- Default test -->
  </suite> <!-- Default suite -->
</testng-results>
