<?xml version="1.0" encoding="UTF-8"?>
<!-- Generated by org.testng.reporters.JUnitReportReporter -->
<testsuite hostname="DharaneshNatarajan" failures="0" tests="7" name="LoginTest" time="40.859" errors="0" timestamp="2026-06-03T16:12:53 IST" skipped="0">
  <testcase classname="LoginTest" name="verifyValidStudentLogin" time="3.348"/>
  <testcase classname="LoginTest" name="verifyCourseSearchFieldInput" time="2.499"/>
  <testcase classname="LoginTest" name="verifyCheckboxLayoutFiltersMatrix" time="1.675"/>
  <testcase classname="LoginTest" name="verifyReportGenerationClockStatus" time="1.221"/>
  <testcase classname="LoginTest" name="verifyPaginationGridControls" time="3.688"/>
  <testcase classname="LoginTest" name="verifyCourseBreadcrumbReturnNavigation" time="5.567"/>
  <testcase classname="LoginTest" name="verifyDevoraAiChatAssistantWorkflow" time="22.861"/>
</testsuite> <!-- LoginTest -->
