<?xml version="1.0" encoding="UTF-8"?>
<!-- Generated by org.testng.reporters.JUnitReportReporter -->
<testsuite hostname="DharaneshNatarajan" failures="0" tests="8" name="com.dotlab.tests.CourseTestingSuite" time="80.343" errors="0" timestamp="2026-06-11T15:19:02 IST" skipped="0">
  <testcase classname="com.dotlab.tests.CourseTestingSuite" name="verifySecureLoginHandshake" time="2.839"/>
  <testcase classname="com.dotlab.tests.CourseTestingSuite" name="verifyNavigationToCourseBoard" time="0.327"/>
  <testcase classname="com.dotlab.tests.CourseTestingSuite" name="verifyCourseCatalogFiltering" time="3.586"/>
  <testcase classname="com.dotlab.tests.CourseTestingSuite" name="verifyOpenTargetActiveCourseWorkspace" time="0.204"/>
  <testcase classname="com.dotlab.tests.CourseTestingSuite" name="verifyTopicAccordionExpansion" time="6.220"/>
  <testcase classname="com.dotlab.tests.CourseTestingSuite" name="verifySpecificSubTopicLessonSelection" time="5.397"/>
  <testcase classname="com.dotlab.tests.CourseTestingSuite" name="verifyCourseWorkspaceSubTabsLayout" time="39.665"/>
  <testcase classname="com.dotlab.tests.CourseTestingSuite" name="verifySecureSessionTermination" time="22.105"/>
</testsuite> <!-- com.dotlab.tests.CourseTestingSuite -->
