<?xml version="1.0" encoding="UTF-8"?>
<!-- Generated by org.testng.reporters.JUnitReportReporter -->
<testsuite hostname="DharaneshNatarajan" failures="0" tests="8" name="CourseTestingSuite" time="87.947" errors="0" timestamp="2026-06-11T09:44:17 IST" skipped="0">
  <testcase classname="CourseTestingSuite" name="verifySecureLoginHandshake" time="4.179"/>
  <testcase classname="CourseTestingSuite" name="verifyNavigationToCourseBoard" time="20.848"/>
  <testcase classname="CourseTestingSuite" name="verifyCourseCatalogFiltering" time="3.735"/>
  <testcase classname="CourseTestingSuite" name="verifyOpenTargetActiveCourseWorkspace" time="2.661"/>
  <testcase classname="CourseTestingSuite" name="verifyTopicAccordionExpansion" time="3.865"/>
  <testcase classname="CourseTestingSuite" name="verifySpecificSubTopicLessonSelection" time="4.249"/>
  <testcase classname="CourseTestingSuite" name="verifyCourseWorkspaceSubTabsLayout" time="37.964"/>
  <testcase classname="CourseTestingSuite" name="verifySecureSessionTermination" time="10.446"/>
</testsuite> <!-- CourseTestingSuite -->
