<?xml version="1.0" encoding="UTF-8"?>
<!-- Generated by org.testng.reporters.JUnitReportReporter -->
<testsuite hostname="DharaneshNatarajan" failures="0" tests="9" name="DashboardAndHeaderTest" time="24.548" errors="0" timestamp="2026-06-04T11:30:55 IST" skipped="0">
  <testcase classname="DashboardAndHeaderTest" name="verifySecureDashboardLogin" time="3.865"/>
  <testcase classname="DashboardAndHeaderTest" name="verifyCommonHeaderMenuSearch" time="1.543"/>
  <testcase classname="DashboardAndHeaderTest" name="verifyThemeToggleSwitchState" time="2.149"/>
  <testcase classname="DashboardAndHeaderTest" name="verifyLearningProgressMatrixHovers" time="3.234"/>
  <testcase classname="DashboardAndHeaderTest" name="verifyExploreCoursesButtonAction" time="1.406"/>
  <testcase classname="DashboardAndHeaderTest" name="verifyAverageCourseProgressPagination" time="3.135"/>
  <testcase classname="DashboardAndHeaderTest" name="verifyProgressTrackerFilterChips" time="3.410"/>
  <testcase classname="DashboardAndHeaderTest" name="verifyCoursePerformanceCatalogDisplay" time="2.370"/>
  <testcase classname="DashboardAndHeaderTest" name="verifySystemPlatformSessionLogout" time="3.436"/>
</testsuite> <!-- DashboardAndHeaderTest -->
