<?xml version="1.0" encoding="UTF-8"?>
<!-- Generated by org.testng.reporters.JUnitReportReporter -->
<testsuite hostname="DharaneshNatarajan" failures="0" tests="8" name="com.dotlab.tests.CourseTestingSuite" time="74.667" errors="0" timestamp="2026-06-11T14:44:14 IST" skipped="0">
  <testcase classname="com.dotlab.tests.CourseTestingSuite" name="verifySecureLoginHandshake" time="2.801"/>
  <testcase classname="com.dotlab.tests.CourseTestingSuite" name="verifyNavigationToCourseBoard" time="0.369"/>
  <testcase classname="com.dotlab.tests.CourseTestingSuite" name="verifyCourseCatalogFiltering" time="3.660"/>
  <testcase classname="com.dotlab.tests.CourseTestingSuite" name="verifyOpenTargetActiveCourseWorkspace" time="0.170"/>
  <testcase classname="com.dotlab.tests.CourseTestingSuite" name="verifyTopicAccordionExpansion" time="6.314"/>
  <testcase classname="com.dotlab.tests.CourseTestingSuite" name="verifySpecificSubTopicLessonSelection" time="5.415"/>
  <testcase classname="com.dotlab.tests.CourseTestingSuite" name="verifyCourseWorkspaceSubTabsLayout" time="33.876"/>
  <testcase classname="com.dotlab.tests.CourseTestingSuite" name="verifySecureSessionTermination" time="22.062"/>
</testsuite> <!-- com.dotlab.tests.CourseTestingSuite -->
